<?xml version="1.0" encoding="UTF-8"?>
<!-- Generated by org.testng.reporters.JUnitReportReporter -->
<testsuite hostname="premalathas-Air.lan" failures="0" tests="1" name="LoginTest" time="8.213" errors="0" timestamp="20 Nov 2018 17:28:37 GMT">
  <testcase classname="LoginTest" name="doLogin" time="8.213"/>
</testsuite> <!-- LoginTest -->
