<?xml version="1.0" encoding="UTF-8"?>
<!-- Generated by org.testng.reporters.JUnitReportReporter -->
<testsuite skipped="0" hostname="premalathas-Air.lan" name="io.maestrano.marlin.test.AddModuleTest" tests="1" failures="0" timestamp="31 Jan 2019 15:43:16 GMT" time="35.162" errors="0">
  <testcase name="doLogin" time="35.162" classname="io.maestrano.marlin.test.AddModuleTest"/>
</testsuite> <!-- io.maestrano.marlin.test.AddModuleTest -->
