<?xml version="1.0" encoding="UTF-8"?>
<!-- Generated by org.testng.reporters.JUnitReportReporter -->
<testsuite hostname="premalathas-MacBook-Air.local" failures="0" tests="1" name="io.maestrano.marlin.test.AddModuleTest" time="172.683" errors="0" timestamp="6 Jan 2019 16:13:18 GMT">
  <testcase classname="io.maestrano.marlin.test.AddModuleTest" name="doLogin" time="172.683"/>
</testsuite> <!-- io.maestrano.marlin.test.AddModuleTest -->
