<?xml version="1.0" encoding="UTF-8"?>
<!-- Generated by org.testng.reporters.JUnitReportReporter -->
<testsuite hostname="premalathas-Air.lan" failures="0" tests="1" name="io.maestrano.marlin.test.MarketplaceTest" time="183.267" errors="0" timestamp="18 Jan 2019 16:57:29 GMT">
  <testcase classname="io.maestrano.marlin.test.MarketplaceTest" name="doLogin" time="183.267"/>
</testsuite> <!-- io.maestrano.marlin.test.MarketplaceTest -->
