<?xml version="1.0" encoding="UTF-8"?>
<!-- Generated by org.testng.reporters.JUnitReportReporter -->
<testsuite skipped="0" hostname="premalathas-Air.lan" name="io.maestrano.marlin.test.SettingsTest" tests="1" failures="0" timestamp="29 Jan 2019 17:21:11 GMT" time="19.068" errors="0">
  <testcase name="settingsTest" time="19.068" classname="io.maestrano.marlin.test.SettingsTest"/>
</testsuite> <!-- io.maestrano.marlin.test.SettingsTest -->
