<?xml version="1.0" encoding="UTF-8"?>
<!-- Generated by org.testng.reporters.JUnitReportReporter -->
<testsuite skipped="0" hostname="premalathas-MacBook-Air.local" name="io.maestrano.marlin.test.AllDashboardsTest$SettingsTest" tests="1" failures="0" timestamp="19 Feb 2019 18:19:33 GMT" time="18.458" errors="0">
  <testcase name="settingsTest" time="18.458" classname="io.maestrano.marlin.test.AllDashboardsTest$SettingsTest"/>
</testsuite> <!-- io.maestrano.marlin.test.AllDashboardsTest$SettingsTest -->
