<?xml version="1.0" encoding="UTF-8"?>
<!-- Generated by org.testng.reporters.JUnitReportReporter -->
<testsuite skipped="0" hostname="premalathas-Air.lan" name="io.maestrano.marlin.test.DeleteKPITest" tests="1" failures="0" timestamp="25 Feb 2019 16:54:14 GMT" time="21.866" errors="0">
  <testcase name="doLogin" time="21.866" classname="io.maestrano.marlin.test.DeleteKPITest"/>
</testsuite> <!-- io.maestrano.marlin.test.DeleteKPITest -->
