<?xml version="1.0" encoding="UTF-8"?>
<!-- Generated by org.testng.reporters.JUnitReportReporter -->
<testsuite skipped="0" hostname="premalathas-Air.lan" name="io.maestrano.marlin.test.AllDashboardsTest" tests="1" failures="0" timestamp="25 Feb 2019 11:44:12 GMT" time="18.105" errors="0">
  <testcase name="allDashboardsTest" time="18.105" classname="io.maestrano.marlin.test.AllDashboardsTest"/>
</testsuite> <!-- io.maestrano.marlin.test.AllDashboardsTest -->
