<?xml version="1.0" encoding="UTF-8"?>
<!-- Generated by org.testng.reporters.JUnitReportReporter -->
<testsuite hostname="premalathas-Air.lan" name="io.maestrano.marlin.test.DashboardOptionsTest" tests="1" failures="0" timestamp="24 Jan 2019 12:19:47 GMT" time="11.685" errors="0">
  <testcase name="doLogin" time="11.685" classname="io.maestrano.marlin.test.DashboardOptionsTest"/>
</testsuite> <!-- io.maestrano.marlin.test.DashboardOptionsTest -->
