<?xml version="1.0" encoding="UTF-8"?>
<!-- Generated by org.testng.reporters.JUnitReportReporter -->
<testsuite skipped="0" hostname="premalathas-Air.lan" name="io.maestrano.marlin.test.CashOnHandValueTest" tests="1" failures="0" timestamp="25 Feb 2019 16:00:55 GMT" time="17.149" errors="0">
  <testcase name="cashOnHandValueTest" time="17.149" classname="io.maestrano.marlin.test.CashOnHandValueTest"/>
</testsuite> <!-- io.maestrano.marlin.test.CashOnHandValueTest -->
