<?xml version="1.0" encoding="UTF-8"?>
<!-- Generated by org.testng.reporters.JUnitReportReporter -->
<testsuite skipped="0" hostname="premalathas-Air.lan" name="io.maestrano.marlin.test.HideBusinessMetricTest" tests="1" failures="0" timestamp="31 Jan 2019 15:29:47 GMT" time="37.671" errors="0">
  <testcase name="doLogin" time="37.671" classname="io.maestrano.marlin.test.HideBusinessMetricTest"/>
</testsuite> <!-- io.maestrano.marlin.test.HideBusinessMetricTest -->
