<?xml version="1.0" encoding="UTF-8"?>
<!-- Generated by org.testng.reporters.JUnitReportReporter -->
<testsuite skipped="0" hostname="premalathas-Air.lan" name="io.maestrano.marlin.test.AllKPIsOnDashboardTest" tests="1" failures="0" timestamp="25 Feb 2019 16:06:03 GMT" time="13.588" errors="0">
  <testcase name="allKPIsOnDashboardTest" time="13.588" classname="io.maestrano.marlin.test.AllKPIsOnDashboardTest"/>
</testsuite> <!-- io.maestrano.marlin.test.AllKPIsOnDashboardTest -->
