<?xml version="1.0" encoding="UTF-8"?>
<!-- Generated by org.testng.reporters.JUnitReportReporter -->
<testsuite hostname="premalathas-MacBook-Air.local" failures="0" tests="1" name="io.maestrano.marlin.test.MarketplaceTest" time="180.511" errors="0" timestamp="5 Jan 2019 15:27:35 GMT">
  <testcase classname="io.maestrano.marlin.test.MarketplaceTest" name="doLogin" time="180.511"/>
</testsuite> <!-- io.maestrano.marlin.test.MarketplaceTest -->
