<?xml version="1.0" encoding="UTF-8"?>
<!-- Generated by org.testng.reporters.JUnitReportReporter -->
<testsuite skipped="0" hostname="premalathas-Air.lan" name="io.maestrano.marlin.test.SignOutTest" tests="1" failures="0" timestamp="29 Jan 2019 17:09:01 GMT" time="19.515" errors="0">
  <testcase name="doLogin" time="19.515" classname="io.maestrano.marlin.test.SignOutTest"/>
</testsuite> <!-- io.maestrano.marlin.test.SignOutTest -->
