<?xml version="1.0" encoding="UTF-8"?>
<!-- Generated by org.testng.reporters.JUnitReportReporter -->
<testsuite hostname="premalathas-Air.lan" failures="0" tests="1" name="io.maestrano.marlin.test.AddModuleTest" time="168.930" errors="0" timestamp="18 Jan 2019 16:57:29 GMT">
  <testcase classname="io.maestrano.marlin.test.AddModuleTest" name="doLogin" time="168.930"/>
</testsuite> <!-- io.maestrano.marlin.test.AddModuleTest -->
