<?xml version="1.0" encoding="UTF-8"?>
<!-- Generated by org.testng.reporters.JUnitReportReporter -->
<testsuite skipped="0" hostname="premalathas-Air.lan" name="io.maestrano.marlin.test.AddModuleTest" tests="1" failures="0" timestamp="22 Feb 2019 16:38:20 GMT" time="29.740" errors="0">
  <testcase name="doLogin" time="29.740" classname="io.maestrano.marlin.test.AddModuleTest"/>
</testsuite> <!-- io.maestrano.marlin.test.AddModuleTest -->
