<?xml version="1.0" encoding="UTF-8"?>
<!-- Generated by org.testng.reporters.JUnitReportReporter -->
<testsuite skipped="0" hostname="premalathas-Air.lan" name="io.maestrano.marlin.test.DeleteDashboardTest" tests="1" failures="0" timestamp="25 Feb 2019 13:31:56 GMT" time="19.878" errors="0">
  <testcase name="doLogin" time="19.878" classname="io.maestrano.marlin.test.DeleteDashboardTest"/>
</testsuite> <!-- io.maestrano.marlin.test.DeleteDashboardTest -->
